commit 933dc71d5669daf7457a80bcd12c69e33f61efca
Author: Jonothan <jonothan.x.castillo@gmail.com>
Date:   Mon Feb 7 15:42:43 2022 -0600

    Made correction to accordion arrow to flip 180 degrees instead of 90 degress

commit 4a9e4ae2683c986e9ef53109f852f92df82db572
Author: Jonothan <jonothan.x.castillo@gmail.com>
Date:   Mon Feb 7 13:20:09 2022 -0600

    completed readme-challenges for Accordion

commit 375e621a815c49cd393818ee7897e9c089579772
Author: Jonothan <jonothan.x.castillo@gmail.com>
Date:   Mon Feb 7 13:18:22 2022 -0600

    Completed Readme-challenges file

commit 5971df56b6eb212f5231500d41c7b1762aee944a
Author: Jonothan <jonothan.x.castillo@gmail.com>
Date:   Sun Feb 6 14:15:57 2022 -0600

    add comment to Accordion JavaScript file

commit 92db9486689b033e8d2f57fe0a24f674aacda08b
Author: Jonothan <jonothan.x.castillo@gmail.com>
Date:   Sun Feb 6 14:11:03 2022 -0600

    added bold text toggle to Accordion JavaScript file

commit 2882048de7ae8aa00acbb3f9f6dea5977d4286fc
Author: Jonothan <jonothan.x.castillo@gmail.com>
Date:   Fri Feb 4 17:07:19 2022 -0600

    commit rough draft of Accordion javaScript file

commit 725fde30e4a617f7177a94c890f594dc3ca85d2a
Author: Jonothan <jonothan.x.castillo@gmail.com>
Date:   Fri Feb 4 14:40:54 2022 -0600

    commit finishing touches to Form Validation javaScript file

commit 8b6a579323061227543b5fab4678f8e99c532890
Author: Jonothan <jonothan.x.castillo@gmail.com>
Date:   Thu Feb 3 18:05:23 2022 -0600

    add structure to JavaScript file

commit 5d9e639c2c567203461c4e8b463df5723ba774de
Author: Jonothan <jonothan.x.castillo@gmail.com>
Date:   Thu Feb 3 17:32:58 2022 -0600

    added a regex to help check email validation

commit ec6c39b0765d010b975ab71980d8560a7c1e43bd
Author: Jonothan <jonothan.x.castillo@gmail.com>
Date:   Thu Feb 3 16:00:42 2022 -0600

    Set up javaScript file for Accordion assignment

commit 64414dc0dfc9f9b5f11ab60ffca86f463147a252
Author: Jonothan <jonothan.x.castillo@gmail.com>
Date:   Wed Feb 2 20:21:50 2022 -0600

    Commit rough draft of FORM VALIDATION javascript

commit c8e672b4a4944045f7684cc404b7b963925d7e60
Author: Jonothan <jonothan.x.castillo@gmail.com>
Date:   Tue Feb 1 16:51:44 2022 -0600

    made correction in script placement in HTML

commit ff6028257a985a86694fe66f0f3c9d2c6f5e1017
Author: Jonothan <jonothan.x.castillo@gmail.com>
Date:   Tue Feb 1 16:30:26 2022 -0600

    Commit javaScriptLab branch and add provided resources for assignment

commit c708b79c5cb3ca9083ca197d4fcd4e6d37c081de
Author: Jonothan <jonothan.x.castillo@gmail.com>
Date:   Sun Jan 30 21:19:04 2022 -0600

    Made a correction to some padding on CSS

commit ef89b03034548df4e23ce73d3d3c1f7fb138a4e2
Author: Jonothan <jonothan.x.castillo@gmail.com>
Date:   Sun Jan 30 21:10:09 2022 -0600

    spelling corrections to html comment

commit 80b62d41618414f6f2efcfce57d66e9025586363
Author: Jonothan <jonothan.x.castillo@gmail.com>
Date:   Sun Jan 30 20:59:25 2022 -0600

    Added comments to html and added git log and readme challenges

commit 7c954744f8e8fda34d1c5266cf11728ed50a75f8
Author: Jonothan <jonothan.x.castillo@gmail.com>
Date:   Sun Jan 30 13:19:05 2022 -0600

    Clean up html and CSS code, and added comments to CSS

commit 6b9fd7a7ad6e912a70316a933fab502373c06f5c
Author: Jonothan <jonothan.x.castillo@gmail.com>
Date:   Sun Jan 30 12:47:18 2022 -0600

    Edited buttons in html to making styling easier in CSS

commit ace547bc94c6e8eee509473df02d028bb0276899
Author: Jonothan <jonothan.x.castillo@gmail.com>
Date:   Fri Jan 28 16:43:23 2022 -0600

    added mediaQ and made small changes to index and style files

commit db848ec7483e3795d89f1d42d14f0dbc7a08a4ff
Author: Jonothan <jonothan.x.castillo@gmail.com>
Date:   Thu Jan 27 23:06:16 2022 -0600

    commit html structure done  and currently editing CSS

commit ebb48afaf3c8532e64cf25c2fe975c998eecd602
Author: Jonothan <jonothan.x.castillo@gmail.com>
Date:   Tue Jan 25 14:21:28 2022 -0600

    corrected index changes

commit 84c1869bbc6f677c0840ed952932cf32ad10ea23
Merge: 58646df c983d94
Author: Jonothan <jonothan.x.castillo@gmail.com>
Date:   Tue Jan 25 14:17:37 2022 -0600

    corrected files git.log and index

commit 58646df19395335c791afc395174c09369cb8176
Merge: 3b7319e 47f6b83
Author: Jonothan <jonothan.x.castillo@gmail.com>
Date:   Tue Jan 25 14:15:17 2022 -0600

    Merge branch 'undo-reset' into develop

commit 3b7319e79f40dc23fffefc4c9ad9375461560a19
Author: Jonothan <jonothan.x.castillo@gmail.com>
Date:   Tue Jan 25 14:14:56 2022 -0600

    corrected index file name

commit 47f6b8320b95780cf392d89295a0f8e8d19df3b2
Author: Jonothan <jonothan.x.castillo@gmail.com>
Date:   Tue Jan 25 14:13:29 2022 -0600

    deleted extra git.log

commit e9e700ece037baf9c41aaf008e72cbf663175d78
Author: Jonothan <jonothan.x.castillo@gmail.com>
Date:   Tue Jan 25 14:07:41 2022 -0600

    commit undo-reset with git log

commit c983d94e7ab9c2bbd9a9bfb7d8f92a606e3bdf6d
Author: Jonothan <jonothan.x.castillo@gmail.com>
Date:   Tue Jan 25 13:51:35 2022 -0600

    edited index.html file name

commit 3554848cf1e1a320557342991454b0dc1a97f5fc
Author: Jonothan <jonothan.x.castillo@gmail.com>
Date:   Tue Jan 25 13:47:49 2022 -0600

    added git log to git

commit f5a336897a1fa04cce97fd1fc024c726efb13498
Author: Jonothan <jonothan.x.castillo@gmail.com>
Date:   Mon Jan 24 17:38:11 2022 -0600

    commit changes to undo-reset

commit 678afb0f26083af92382561674d47b2da3434b68
Author: Jonothan <jonothan.x.castillo@gmail.com>
Date:   Mon Jan 24 17:25:57 2022 -0600

    commit h2-tag after adding

commit e6cd991155b5c6f26e5d84dc66cf36968c269b49
Author: Jonothan <jonothan.x.castillo@gmail.com>
Date:   Mon Jan 24 17:24:51 2022 -0600

    commit h2-tag

commit 41870d5b6e186102a154b97a998cc2b6469be9cd
Author: Jonothan <jonothan.x.castillo@gmail.com>
Date:   Mon Jan 24 15:09:44 2022 -0600

    index.html change

commit f22455b9e0ad18dff66a5d1a17ced5138605361b
Merge: 9a0b65a f0ca70c
Author: Jonothan <jonothan.x.castillo@gmail.com>
Date:   Mon Jan 24 15:04:08 2022 -0600

    merge conflict

commit f0ca70c04a12a8f1a43f6012898699776d65140a
Author: Jonothan <jonothan.x.castillo@gmail.com>
Date:   Mon Jan 24 14:51:17 2022 -0600

    commit updated-title

commit 9a0b65a99c6a7f5ad2a78d2c81cab169304da90d
Author: Jonothan <jonothan.x.castillo@gmail.com>
Date:   Mon Jan 24 14:49:10 2022 -0600

    commit new-body

commit 3c199ca90b8c2b6d40c48fe3477f6798cdcc8adc
Author: Jonothan <jonothan.x.castillo@gmail.com>
Date:   Mon Jan 24 14:07:50 2022 -0600

    commit new-html

commit 886992c15c7a487e180ac6354f7902491c56787a
Author: Jonothan98 <55722400+Jonothan98@users.noreply.github.com>
Date:   Mon Jan 24 12:39:16 2022 -0600

    Initial commit
